<?xml version="1.0" encoding="UTF-8"?>
<!-- Generated by org.testng.reporters.JUnitReportReporter -->
<testsuite hostname="DESKTOP-FIOA1IM" failures="0" tests="1" name="testDate" time="2.901" errors="0" timestamp="2023-11-17T12:18:09 PST" skipped="0">
  <testcase classname="testDate" name="myTestdate" time="2.901"/>
  <system-out/>
</testsuite> <!-- testDate -->
